#
# A fatal error has been detected by the Java Runtime Environment:
#
#  EXCEPTION_ACCESS_VIOLATION (0xc0000005) at pc=0x000000005adaa3c5, pid=5628, tid=4548
#
# JRE version: Java(TM) SE Runtime Environment (8.0_25-b18) (build 1.8.0_25-b18)
# Java VM: Java HotSpot(TM) 64-Bit Server VM (25.25-b02 mixed mode windows-amd64 compressed oops)
# Problematic frame:
# V  [jvm.dll+0x11a3c5]
#
# Failed to write core dump. Minidumps are not enabled by default on client versions of Windows
#
# If you would like to submit a bug report, please visit:
#   http://bugreport.sun.com/bugreport/crash.jsp
#

---------------  T H R E A D  ---------------

Current thread (0x00000000170a1000):  JavaThread "JDWP Transport Listener: dt_socket" daemon [_thread_in_vm, id=4548, stack(0x00000000182f0000,0x00000000183f0000)]

siginfo: ExceptionCode=0xc0000005, reading address 0x00000000003b6c70

Registers:
RAX=0x00000000183ef401, RBX=0x00000000170a1000, RCX=0x00000000003b6c70, RDX=0x0000000000000000
RSP=0x00000000183ef410, RBP=0x00000000003b6c70, RSI=0x00000000183ef528, RDI=0x0000000001fd9ad0
R8 =0x00000000170a1000, R9 =0x6e7579c6007c004c, R10=0x0000000000000000, R11=0x0000000018a84e89
R12=0x0000000000000000, R13=0x00000000170a8b28, R14=0x0000000000000000, R15=0x0000000000000000
RIP=0x000000005adaa3c5, EFLAGS=0x0000000000010202

Top of Stack: (sp=0x00000000183ef410)
0x00000000183ef410:   00000000170a1000 00000000170a1000
0x00000000183ef420:   00000000183ef4d8 000000005afa78db
0x00000000183ef430:   00000000170a1000 000000005afc413d
0x00000000183ef440:   0000000000000000 00000000536f9149
0x00000000183ef450:   000000001703f020 0000000053702912
0x00000000183ef460:   00000000170a1000 0000000000000000
0x00000000183ef470:   0000000000000000 0000000000000000
0x00000000183ef480:   00000000003b6c70 0000000053701a09
0x00000000183ef490:   00000000183ef528 00000000183ef500
0x00000000183ef4a0:   0000000000000001 000000001703f020
0x00000000183ef4b0:   00000000003b6c70 00000000536e53b3
0x00000000183ef4c0:   00000000183ef5f0 0000000000000001
0x00000000183ef4d0:   0000000000000001 000000001703f020
0x00000000183ef4e0:   0000000000000009 0000000000000000
0x00000000183ef4f0:   0000000000000000 0000000000000000
0x00000000183ef500:   0000000000000001 00000000536e5571 

Instructions: (pc=0x000000005adaa3c5)
0x000000005adaa3a5:   cc cc cc cc cc cc cc cc cc cc cc 48 83 ec 28 48
0x000000005adaa3b5:   85 c9 75 07 33 c0 48 83 c4 28 c3 48 89 5c 24 20
0x000000005adaa3c5:   48 8b 19 48 85 db 74 20 48 83 fb 37 74 1a 48 8b
0x000000005adaa3d5:   13 48 8b cb ff 52 10 84 c0 74 0d 48 8b c3 48 8b 


Register to memory mapping:

RAX=0x00000000183ef401 is pointing into the stack for thread: 0x00000000170a1000
RBX=0x00000000170a1000 is a thread
RCX=0x00000000003b6c70 is an unknown value
RDX=0x0000000000000000 is an unknown value
RSP=0x00000000183ef410 is pointing into the stack for thread: 0x00000000170a1000
RBP=0x00000000003b6c70 is an unknown value
RSI=0x00000000183ef528 is pointing into the stack for thread: 0x00000000170a1000
RDI=0x0000000001fd9ad0 is an unknown value
R8 =0x00000000170a1000 is a thread
R9 =0x6e7579c6007c004c is an unknown value
R10=0x0000000000000000 is an unknown value
R11=0x0000000018a84e89 is an unknown value
R12=0x0000000000000000 is an unknown value
R13=0x00000000170a8b28 is an unknown value
R14=0x0000000000000000 is an unknown value
R15=0x0000000000000000 is an unknown value


Stack: [0x00000000182f0000,0x00000000183f0000],  sp=0x00000000183ef410,  free space=1021k
Native frames: (J=compiled Java code, j=interpreted, Vv=VM code, C=native code)
V  [jvm.dll+0x11a3c5]
V  [jvm.dll+0x33413d]
C  [jdwp.dll+0x21a09]
C  [jdwp.dll+0x53b3]
C  [jdwp.dll+0x5571]
C  [jdwp.dll+0xf09c]
C  [jdwp.dll+0x1f2c9]
C  [jdwp.dll+0x1f49e]
V  [jvm.dll+0x1abba8]
V  [jvm.dll+0x22bde4]
V  [jvm.dll+0x2852fa]
C  [msvcr100.dll+0x21d9f]
C  [msvcr100.dll+0x21e3b]
C  [kernel32.dll+0x159ed]
C  [ntdll.dll+0x2c541]


---------------  P R O C E S S  ---------------

Java Threads: ( => current thread )
  0x00000000170ff000 JavaThread "Service Thread" daemon [_thread_blocked, id=3616, stack(0x0000000018620000,0x0000000018720000)]
  0x00000000170fa000 JavaThread "C1 CompilerThread1" daemon [_thread_blocked, id=4684, stack(0x0000000018e10000,0x0000000018f10000)]
  0x00000000170cc800 JavaThread "C2 CompilerThread0" daemon [_thread_blocked, id=5416, stack(0x0000000018900000,0x0000000018a00000)]
  0x00000000170b5800 JavaThread "JDWP Command Reader" daemon [_thread_in_native, id=2604, stack(0x00000000187a0000,0x00000000188a0000)]
  0x00000000170aa800 JavaThread "JDWP Event Helper Thread" daemon [_thread_blocked, id=4524, stack(0x00000000184e0000,0x00000000185e0000)]
=>0x00000000170a1000 JavaThread "JDWP Transport Listener: dt_socket" daemon [_thread_in_vm, id=4548, stack(0x00000000182f0000,0x00000000183f0000)]
  0x000000001709d800 JavaThread "Attach Listener" daemon [_thread_blocked, id=2916, stack(0x0000000018130000,0x0000000018230000)]
  0x000000001709c800 JavaThread "Signal Dispatcher" daemon [_thread_blocked, id=2400, stack(0x0000000017f90000,0x0000000018090000)]
  0x000000001703c800 JavaThread "Finalizer" daemon [_thread_blocked, id=3032, stack(0x0000000017bc0000,0x0000000017cc0000)]
  0x0000000017031800 JavaThread "Reference Handler" daemon [_thread_blocked, id=3580, stack(0x0000000017cf0000,0x0000000017df0000)]
  0x0000000001fdf000 JavaThread "main" [_thread_in_native, id=1612, stack(0x0000000002180000,0x0000000002280000)]

Other Threads:
  0x000000001702b800 VMThread [stack: 0x0000000017a60000,0x0000000017b60000] [id=4100]
  0x00000000170ff800 WatcherThread [stack: 0x0000000018fb0000,0x00000000190b0000] [id=1948]

VM state:not at safepoint (normal execution)

VM Mutex/Monitor currently owned by a thread: None

Heap:
 PSYoungGen      total 38400K, used 3328K [0x00000000d5b00000, 0x00000000d8580000, 0x0000000100000000)
  eden space 33280K, 10% used [0x00000000d5b00000,0x00000000d5e40150,0x00000000d7b80000)
  from space 5120K, 0% used [0x00000000d8080000,0x00000000d8080000,0x00000000d8580000)
  to   space 5120K, 0% used [0x00000000d7b80000,0x00000000d7b80000,0x00000000d8080000)
 ParOldGen       total 87552K, used 0K [0x0000000081000000, 0x0000000086580000, 0x00000000d5b00000)
  object space 87552K, 0% used [0x0000000081000000,0x0000000081000000,0x0000000086580000)
 Metaspace       used 3466K, capacity 4568K, committed 4864K, reserved 1056768K
  class space    used 390K, capacity 392K, committed 512K, reserved 1048576K

Card table byte_map: [0x0000000011910000,0x0000000011d10000] byte_map_base: 0x0000000011508000

Marking Bits: (ParMarkBitMap*) 0x000000005b46d490
 Begin Bits: [0x0000000012380000, 0x0000000014340000)
 End Bits:   [0x0000000014340000, 0x0000000016300000)

Polling page: 0x0000000000110000

CodeCache: size=245760Kb used=1165Kb max_used=1165Kb free=244594Kb
 bounds [0x0000000002550000, 0x00000000027c0000, 0x0000000011550000]
 total_blobs=288 nmethods=51 adapters=160
 compilation: enabled

Compilation events (10 events):
Event: 1.457 Thread 0x00000000170fa000   47       1       java.net.URL::getProtocol (5 bytes)
Event: 1.457 Thread 0x00000000170fa000 nmethod 47 0x0000000002671650 code [0x00000000026717a0, 0x00000000026718b0]
Event: 1.457 Thread 0x00000000170fa000   43       1       java.nio.Buffer::limit (5 bytes)
Event: 1.457 Thread 0x00000000170fa000 nmethod 43 0x0000000002671910 code [0x0000000002671a60, 0x0000000002671b70]
Event: 1.457 Thread 0x00000000170fa000   50       1       java.net.URL::getPath (5 bytes)
Event: 1.457 Thread 0x00000000170fa000 nmethod 50 0x0000000002671bd0 code [0x0000000002671d20, 0x0000000002671e30]
Event: 1.457 Thread 0x00000000170fa000   49       1       java.net.URL::getAuthority (5 bytes)
Event: 1.457 Thread 0x00000000170fa000 nmethod 49 0x0000000002671e90 code [0x0000000002671fe0, 0x00000000026720f0]
Event: 1.457 Thread 0x00000000170fa000   48  s    1       java.util.Vector::size (5 bytes)
Event: 1.457 Thread 0x00000000170fa000 nmethod 48 0x0000000002672150 code [0x00000000026722a0, 0x0000000002672510]

GC Heap History (0 events):
No events

Deoptimization events (0 events):
No events

Internal exceptions (9 events):
Event: 0.070 Thread 0x0000000001fdf000 Exception <a 'java/lang/NoSuchMethodError': Method sun.misc.Unsafe.defineClass(Ljava/lang/String;[BII)Ljava/lang/Class; name or signature does not match> (0x00000000d5b0cca8) thrown at [D:\re\workspace\8-2-build-windows-amd64-cygwin\jdk8u25\1677\hotspot\sråÿ∑Í≤?
Event: 0.070 Thread 0x0000000001fdf000 Exception <a 'java/lang/NoSuchMethodError': Method sun.misc.Unsafe.prefetchRead(Ljava/lang/Object;J)V name or signature does not match> (0x00000000d5b0cf38) thrown at [D:\re\workspace\8-2-build-windows-amd64-cygwin\jdk8u25\1677\hotspot\src\share\vm\prims\jÉçæœHˆ?
Event: 1.378 Thread 0x0000000001fdf000 Exception <a 'java/security/PrivilegedActionException'> (0x00000000d5b6b480) thrown at [D:\re\workspace\8-2-build-windows-amd64-cygwin\jdk8u25\1677\hotspot\src\share\vm\prims\jvm.cpp, line 1312]
Event: 1.792 Thread 0x0000000001fdf000 Exception <a 'java/security/PrivilegedActionException'> (0x00000000d5ddd618) thrown at [D:\re\workspace\8-2-build-windows-amd64-cygwin\jdk8u25\1677\hotspot\src\share\vm\prims\jvm.cpp, line 1312]
Event: 1.792 Thread 0x0000000001fdf000 Exception <a 'java/security/PrivilegedActionException'> (0x00000000d5ddd960) thrown at [D:\re\workspace\8-2-build-windows-amd64-cygwin\jdk8u25\1677\hotspot\src\share\vm\prims\jvm.cpp, line 1312]
Event: 1.849 Thread 0x0000000001fdf000 Exception <a 'java/security/PrivilegedActionException'> (0x00000000d5de1888) thrown at [D:\re\workspace\8-2-build-windows-amd64-cygwin\jdk8u25\1677\hotspot\src\share\vm\prims\jvm.cpp, line 1312]
Event: 1.849 Thread 0x0000000001fdf000 Exception <a 'java/security/PrivilegedActionException'> (0x00000000d5de1bd0) thrown at [D:\re\workspace\8-2-build-windows-amd64-cygwin\jdk8u25\1677\hotspot\src\share\vm\prims\jvm.cpp, line 1312]
Event: 1.979 Thread 0x0000000001fdf000 Exception <a 'java/security/PrivilegedActionException'> (0x00000000d5df57c0) thrown at [D:\re\workspace\8-2-build-windows-amd64-cygwin\jdk8u25\1677\hotspot\src\share\vm\prims\jvm.cpp, line 1312]
Event: 2.021 Thread 0x0000000001fdf000 Exception <a 'java/security/PrivilegedActionException'> (0x00000000d5dfac10) thrown at [D:\re\workspace\8-2-build-windows-amd64-cygwin\jdk8u25\1677\hotspot\src\share\vm\prims\jvm.cpp, line 1312]

Events (10 events):
Event: 1057.538 Executing VM operation: EnterInterpOnlyMode
Event: 1057.538 Executing VM operation: EnterInterpOnlyMode done
Event: 1057.538 Executing VM operation: EnterInterpOnlyMode
Event: 1057.538 Executing VM operation: EnterInterpOnlyMode done
Event: 1057.538 Executing VM operation: EnterInterpOnlyMode
Event: 1057.538 Executing VM operation: EnterInterpOnlyMode done
Event: 1057.538 Executing VM operation: EnterInterpOnlyMode
Event: 1057.538 Executing VM operation: EnterInterpOnlyMode done
Event: 1067.341 Executing VM operation: RedefineClasses
Event: 1067.341 Executing VM operation: RedefineClasses done


Dynamic libraries:
0x000000013f830000 - 0x000000013f864000 	C:\Program Files\Java\jdk1.8.0_25\bin\java.exe
0x0000000077620000 - 0x00000000777c9000 	C:\WINDOWS\SYSTEM32\ntdll.dll
0x0000000077500000 - 0x000000007761f000 	C:\WINDOWS\system32\kernel32.dll
0x000007fefd600000 - 0x000007fefd66c000 	C:\WINDOWS\system32\KERNELBASE.dll
0x000007fefdf10000 - 0x000007fefdfeb000 	C:\WINDOWS\system32\ADVAPI32.dll
0x000007fefddd0000 - 0x000007fefde6f000 	C:\WINDOWS\system32\msvcrt.dll
0x000007fefd9d0000 - 0x000007fefd9ef000 	C:\WINDOWS\SYSTEM32\sechost.dll
0x000007fefdc40000 - 0x000007fefdd6d000 	C:\WINDOWS\system32\RPCRT4.dll
0x0000000077400000 - 0x00000000774fa000 	C:\WINDOWS\system32\USER32.dll
0x000007fefeb30000 - 0x000007fefeb97000 	C:\WINDOWS\system32\GDI32.dll
0x000007fefd9c0000 - 0x000007fefd9ce000 	C:\WINDOWS\system32\LPK.dll
0x000007fefd7b0000 - 0x000007fefd879000 	C:\WINDOWS\system32\USP10.dll
0x000007fefbd30000 - 0x000007fefbf24000 	C:\WINDOWS\WinSxS\amd64_microsoft.windows.common-controls_6595b64144ccf1df_6.0.7601.17514_none_fa396087175ac9ac\COMCTL32.dll
0x000007fefe3d0000 - 0x000007fefe441000 	C:\WINDOWS\system32\SHLWAPI.dll
0x000007fefd990000 - 0x000007fefd9be000 	C:\WINDOWS\system32\IMM32.DLL
0x000007fefd880000 - 0x000007fefd989000 	C:\WINDOWS\system32\MSCTF.dll
0x000000005d980000 - 0x000000005da52000 	C:\Program Files\Java\jdk1.8.0_25\jre\bin\msvcr100.dll
0x000000005ac90000 - 0x000000005b4ea000 	C:\Program Files\Java\jdk1.8.0_25\jre\bin\server\jvm.dll
0x000007fef2060000 - 0x000007fef2069000 	C:\WINDOWS\system32\WSOCK32.dll
0x000007fefe200000 - 0x000007fefe24d000 	C:\WINDOWS\system32\WS2_32.dll
0x000007fefd7a0000 - 0x000007fefd7a8000 	C:\WINDOWS\system32\NSI.dll
0x000007fefa0c0000 - 0x000007fefa0fb000 	C:\WINDOWS\system32\WINMM.dll
0x00000000777f0000 - 0x00000000777f7000 	C:\WINDOWS\system32\PSAPI.DLL
0x0000000075150000 - 0x000000007515f000 	C:\Program Files\Java\jdk1.8.0_25\jre\bin\verify.dll
0x0000000070980000 - 0x00000000709a8000 	C:\Program Files\Java\jdk1.8.0_25\jre\bin\java.dll
0x00000000536e0000 - 0x0000000053715000 	C:\Program Files\Java\jdk1.8.0_25\jre\bin\jdwp.dll
0x0000000070920000 - 0x0000000070928000 	C:\Program Files\Java\jdk1.8.0_25\jre\bin\npt.dll
0x0000000075130000 - 0x0000000075146000 	C:\Program Files\Java\jdk1.8.0_25\jre\bin\zip.dll
0x000007fefeba0000 - 0x000007feff928000 	C:\WINDOWS\system32\SHELL32.dll
0x000007fefe470000 - 0x000007fefe673000 	C:\WINDOWS\system32\ole32.dll
0x000007fefd3e0000 - 0x000007fefd3ef000 	C:\WINDOWS\system32\profapi.dll
0x0000000069da0000 - 0x0000000069da9000 	C:\Program Files\Java\jdk1.8.0_25\jre\bin\dt_socket.dll
0x000007fefcb70000 - 0x000007fefcbc5000 	C:\WINDOWS\system32\mswsock.dll
0x000007fefc590000 - 0x000007fefc597000 	C:\WINDOWS\System32\wshtcpip.dll
0x000007fef15c0000 - 0x000007fef16e5000 	C:\WINDOWS\system32\dbghelp.dll

VM Arguments:
jvm_args: -agentlib:jdwp=transport=dt_socket,address=127.0.0.1:2315,suspend=y,server=n -Dfile.encoding=UTF-8 
java_command: com.company.Main
java_class_path (initial): C:\Program Files\Java\jdk1.8.0_25\jre\lib\charsets.jar;C:\Program Files\Java\jdk1.8.0_25\jre\lib\deploy.jar;C:\Program Files\Java\jdk1.8.0_25\jre\lib\javaws.jar;C:\Program Files\Java\jdk1.8.0_25\jre\lib\jce.jar;C:\Program Files\Java\jdk1.8.0_25\jre\lib\jfr.jar;C:\Program Files\Java\jdk1.8.0_25\jre\lib\jfxswt.jar;C:\Program Files\Java\jdk1.8.0_25\jre\lib\jsse.jar;C:\Program Files\Java\jdk1.8.0_25\jre\lib\management-agent.jar;C:\Program Files\Java\jdk1.8.0_25\jre\lib\plugin.jar;C:\Program Files\Java\jdk1.8.0_25\jre\lib\resources.jar;C:\Program Files\Java\jdk1.8.0_25\jre\lib\rt.jar;C:\Program Files\Java\jdk1.8.0_25\jre\lib\ext\access-bridge-64.jar;C:\Program Files\Java\jdk1.8.0_25\jre\lib\ext\cldrdata.jar;C:\Program Files\Java\jdk1.8.0_25\jre\lib\ext\dnsns.jar;C:\Program Files\Java\jdk1.8.0_25\jre\lib\ext\jaccess.jar;C:\Program Files\Java\jdk1.8.0_25\jre\lib\ext\jfxrt.jar;C:\Program Files\Java\jdk1.8.0_25\jre\lib\ext\localedata.jar;C:\Program Files\Java\jdk1.8.0_25\jre\lib\ext\nashorn.jar;C:\Program Files\Java\jdk1.8.0_25\jre\lib\ext\sunec.jar;C:\Program Files\Java\jdk1.8.0_25\jre\lib\ext\sunjce_provider.jar;C:\Program Files\Java\jdk1.8.0_25\jre\lib\ext\sunmscapi.jar;C:\Program Files\Java\jdk1.8.0_25\jre\lib\ext\sunpkcs11.jar;C:\Program Files\Java\jdk1.8.0_25\jre\lib\ext\zipfs.jar;C:\Users\es3062nv\IdeaProjects\Rummy\out\production\Rummy;C:\Program Files (x86)\JetBrains\IntelliJ IDEA 14.0.2\lib\idea_rt.jar
Launcher Type: SUN_STANDARD

Environment Variables:
PATH=C:\ProgramData\Oracle\Java\javapath;C:\WINDOWS\system32;C:\WINDOWS;C:\WINDOWS\System32\Wbem;C:\WINDOWS\System32\WindowsPowerShell\v1.0\;C:\Program Files (x86)\QuickTime\QTSystem\;C:\Program Files\Microsoft\Web Platform Installer\;C:\Program Files (x86)\Microsoft ASP.NET\ASP.NET Web Pages\v1.0\;C:\Program Files (x86)\Windows Kits\8.0\Windows Performance Toolkit\;C:\Program Files\Microsoft SQL Server\110\Tools\Binn\
USERNAME=es3062nv
OS=Windows_NT
PROCESSOR_IDENTIFIER=Intel64 Family 6 Model 23 Stepping 10, GenuineIntel



---------------  S Y S T E M  ---------------

OS: Windows 7 , 64 bit Build 7601 Service Pack 1

CPU:total 2 (2 cores per cpu, 1 threads per core) family 6 model 23 stepping 10, cmov, cx8, fxsr, mmx, sse, sse2, sse3, ssse3, sse4.1, tsc

Memory: 4k page, physical 8318204k(5109448k free), swap 16634552k(11804052k free)

vm_info: Java HotSpot(TM) 64-Bit Server VM (25.25-b02) for windows-amd64 JRE (1.8.0_25-b18), built on Oct  7 2014 14:25:37 by "java_re" with MS VC++ 10.0 (VS2010)

time: Tue Mar 03 18:53:49 2015
elapsed time: 1067 seconds (0d 0h 17m 47s)

