#
# A fatal error has been detected by the Java Runtime Environment:
#
#  EXCEPTION_ACCESS_VIOLATION (0xc0000005) at pc=0x000000005adaa3c5, pid=748, tid=4312
#
# JRE version: Java(TM) SE Runtime Environment (8.0_25-b18) (build 1.8.0_25-b18)
# Java VM: Java HotSpot(TM) 64-Bit Server VM (25.25-b02 mixed mode windows-amd64 compressed oops)
# Problematic frame:
# V  [jvm.dll+0x11a3c5]
#
# Failed to write core dump. Minidumps are not enabled by default on client versions of Windows
#
# If you would like to submit a bug report, please visit:
#   http://bugreport.sun.com/bugreport/crash.jsp
#

---------------  T H R E A D  ---------------

Current thread (0x0000000016ea5000):  JavaThread "JDWP Transport Listener: dt_socket" daemon [_thread_in_vm, id=4312, stack(0x0000000018340000,0x0000000018440000)]

siginfo: ExceptionCode=0xc0000005, reading address 0xffffffffffffffff

Registers:
RAX=0x000000001843f501, RBX=0x0000000016ea5000, RCX=0x3b7473694c796172, RDX=0x0000000000000000
RSP=0x000000001843f530, RBP=0x3b7473694c796172, RSI=0x000000001843f648, RDI=0x0000000000149ad0
R8 =0x0000000016ea5000, R9 =0x0000003f002c001c, R10=0x0000000000000000, R11=0x0000000016ee50f9
R12=0x0000000000000000, R13=0x0000000016eac188, R14=0x0000000000000000, R15=0x0000000000000000
RIP=0x000000005adaa3c5, EFLAGS=0x0000000000010206

Top of Stack: (sp=0x000000001843f530)
0x000000001843f530:   0000000016ea5000 0000000016ea5000
0x000000001843f540:   000000001843f5f8 000000005afa78db
0x000000001843f550:   0000000016ea5000 000000005afc413d
0x000000001843f560:   0000000000000000 00000000536f9149
0x000000001843f570:   0000000016e3eb50 0000000053702912
0x000000001843f580:   0000000016ea5000 0000000000000000
0x000000001843f590:   0000000000000000 0000000000000000
0x000000001843f5a0:   3b7473694c796172 0000000053701a09
0x000000001843f5b0:   000000001843f648 000000001843f620
0x000000001843f5c0:   0000000000000001 0000000016e3eb50
0x000000001843f5d0:   3b7473694c796172 00000000536e53b3
0x000000001843f5e0:   000000001843f710 0000000000000001
0x000000001843f5f0:   0000000000000001 0000000016e3eb50
0x000000001843f600:   0000000000000009 0000000000000000
0x000000001843f610:   0000000000000000 0000000000000000
0x000000001843f620:   0000000000000001 00000000536e5571 

Instructions: (pc=0x000000005adaa3c5)
0x000000005adaa3a5:   cc cc cc cc cc cc cc cc cc cc cc 48 83 ec 28 48
0x000000005adaa3b5:   85 c9 75 07 33 c0 48 83 c4 28 c3 48 89 5c 24 20
0x000000005adaa3c5:   48 8b 19 48 85 db 74 20 48 83 fb 37 74 1a 48 8b
0x000000005adaa3d5:   13 48 8b cb ff 52 10 84 c0 74 0d 48 8b c3 48 8b 


Register to memory mapping:

RAX=0x000000001843f501 is pointing into the stack for thread: 0x0000000016ea5000
RBX=0x0000000016ea5000 is a thread
RCX=0x3b7473694c796172 is an unknown value
RDX=0x0000000000000000 is an unknown value
RSP=0x000000001843f530 is pointing into the stack for thread: 0x0000000016ea5000
RBP=0x3b7473694c796172 is an unknown value
RSI=0x000000001843f648 is pointing into the stack for thread: 0x0000000016ea5000
RDI=0x0000000000149ad0 is an unknown value
R8 =0x0000000016ea5000 is a thread
R9 =0x0000003f002c001c is an unknown value
R10=0x0000000000000000 is an unknown value
R11=0x0000000016ee50f9 is an unknown value
R12=0x0000000000000000 is an unknown value
R13=0x0000000016eac188 is an unknown value
R14=0x0000000000000000 is an unknown value
R15=0x0000000000000000 is an unknown value


Stack: [0x0000000018340000,0x0000000018440000],  sp=0x000000001843f530,  free space=1021k
Native frames: (J=compiled Java code, j=interpreted, Vv=VM code, C=native code)
V  [jvm.dll+0x11a3c5]
V  [jvm.dll+0x33413d]
C  [jdwp.dll+0x21a09]
C  [jdwp.dll+0x53b3]
C  [jdwp.dll+0x5571]
C  [jdwp.dll+0xf09c]
C  [jdwp.dll+0x1f2c9]
C  [jdwp.dll+0x1f49e]
V  [jvm.dll+0x1abba8]
V  [jvm.dll+0x22bde4]
V  [jvm.dll+0x2852fa]
C  [msvcr100.dll+0x21d9f]
C  [msvcr100.dll+0x21e3b]
C  [kernel32.dll+0x159ed]
C  [ntdll.dll+0x2c541]


---------------  P R O C E S S  ---------------

Java Threads: ( => current thread )
  0x0000000016eff000 JavaThread "Service Thread" daemon [_thread_blocked, id=5844, stack(0x0000000018df0000,0x0000000018ef0000)]
  0x0000000016ef9000 JavaThread "C1 CompilerThread1" daemon [_thread_blocked, id=5540, stack(0x0000000018c20000,0x0000000018d20000)]
  0x0000000016ecc800 JavaThread "C2 CompilerThread0" daemon [_thread_blocked, id=4768, stack(0x0000000018720000,0x0000000018820000)]
  0x0000000016eb5800 JavaThread "JDWP Command Reader" daemon [_thread_in_native, id=5728, stack(0x0000000018590000,0x0000000018690000)]
  0x0000000016ead800 JavaThread "JDWP Event Helper Thread" daemon [_thread_blocked, id=5080, stack(0x0000000018490000,0x0000000018590000)]
=>0x0000000016ea5000 JavaThread "JDWP Transport Listener: dt_socket" daemon [_thread_in_vm, id=4312, stack(0x0000000018340000,0x0000000018440000)]
  0x0000000016e9d800 JavaThread "Attach Listener" daemon [_thread_blocked, id=1048, stack(0x0000000017d30000,0x0000000017e30000)]
  0x0000000016e9c000 JavaThread "Signal Dispatcher" daemon [_thread_blocked, id=4300, stack(0x0000000017f00000,0x0000000018000000)]
  0x0000000016e36800 JavaThread "Finalizer" daemon [_thread_blocked, id=4048, stack(0x0000000017c10000,0x0000000017d10000)]
  0x0000000016e31800 JavaThread "Reference Handler" daemon [_thread_blocked, id=5632, stack(0x0000000017910000,0x0000000017a10000)]
  0x000000000014f000 JavaThread "main" [_thread_in_native, id=3652, stack(0x00000000020d0000,0x00000000021d0000)]

Other Threads:
  0x0000000016e2b800 VMThread [stack: 0x0000000017a30000,0x0000000017b30000] [id=3908]
  0x0000000016eff800 WatcherThread [stack: 0x0000000018f70000,0x0000000019070000] [id=4904]

VM state:not at safepoint (normal execution)

VM Mutex/Monitor currently owned by a thread: None

Heap:
 PSYoungGen      total 38400K, used 3328K [0x00000000d5b00000, 0x00000000d8580000, 0x0000000100000000)
  eden space 33280K, 10% used [0x00000000d5b00000,0x00000000d5e400f0,0x00000000d7b80000)
  from space 5120K, 0% used [0x00000000d8080000,0x00000000d8080000,0x00000000d8580000)
  to   space 5120K, 0% used [0x00000000d7b80000,0x00000000d7b80000,0x00000000d8080000)
 ParOldGen       total 87552K, used 0K [0x0000000081000000, 0x0000000086580000, 0x00000000d5b00000)
  object space 87552K, 0% used [0x0000000081000000,0x0000000081000000,0x0000000086580000)
 Metaspace       used 3471K, capacity 4568K, committed 4864K, reserved 1056768K
  class space    used 390K, capacity 392K, committed 512K, reserved 1048576K

Card table byte_map: [0x0000000011860000,0x0000000011c60000] byte_map_base: 0x0000000011458000

Marking Bits: (ParMarkBitMap*) 0x000000005b46d490
 Begin Bits: [0x0000000012180000, 0x0000000014140000)
 End Bits:   [0x0000000014140000, 0x0000000016100000)

Polling page: 0x0000000000110000

CodeCache: size=245760Kb used=1167Kb max_used=1167Kb free=244592Kb
 bounds [0x00000000024a0000, 0x0000000002710000, 0x00000000114a0000]
 total_blobs=284 nmethods=47 adapters=160
 compilation: enabled

Compilation events (10 events):
Event: 28.356 Thread 0x0000000016ef9000   43       3       java.lang.String::indexOf (7 bytes)
Event: 28.356 Thread 0x0000000016ef9000 nmethod 43 0x00000000025be190 code [0x00000000025be300, 0x00000000025be528]
Event: 28.356 Thread 0x0000000016ef9000   44       3       java.lang.AbstractStringBuilder::append (50 bytes)
Event: 28.356 Thread 0x0000000016ef9000 nmethod 44 0x00000000025be5d0 code [0x00000000025be760, 0x00000000025bec68]
Event: 28.357 Thread 0x0000000016ef9000   45       1       java.lang.String::length (6 bytes)
Event: 28.357 Thread 0x0000000016ef9000 nmethod 45 0x00000000025bee50 code [0x00000000025befa0, 0x00000000025bf0b0]
Event: 28.357 Thread 0x0000000016ef9000   46       3       java.lang.String::toLowerCase (439 bytes)
Event: 28.358 Thread 0x0000000016ef9000 nmethod 46 0x00000000025bf150 code [0x00000000025bf480, 0x00000000025c0d58]
Event: 28.372 Thread 0x0000000016ef9000   47       3       java.lang.StringBuilder::append (8 bytes)
Event: 28.372 Thread 0x0000000016ef9000 nmethod 47 0x00000000025c26d0 code [0x00000000025c2840, 0x00000000025c29e8]

GC Heap History (0 events):
No events

Deoptimization events (0 events):
No events

Internal exceptions (9 events):
Event: 0.789 Thread 0x000000000014f000 Exception <a 'java/lang/NoSuchMethodError': Method sun.misc.Unsafe.defineClass(Ljava/lang/String;[BII)Ljava/lang/Class; name or signature does not match> (0x00000000d5b0ce38) thrown at [D:\re\workspace\8-2-build-windows-amd64-cygwin\jdk8u25\1677\hotspot\srï*r√CÈ?
Event: 0.790 Thread 0x000000000014f000 Exception <a 'java/lang/NoSuchMethodError': Method sun.misc.Unsafe.prefetchRead(Ljava/lang/Object;J)V name or signature does not match> (0x00000000d5b0d0c8) thrown at [D:\re\workspace\8-2-build-windows-amd64-cygwin\jdk8u25\1677\hotspot\src\share\vm\prims\j Äπ}çH<@
Event: 28.283 Thread 0x000000000014f000 Exception <a 'java/security/PrivilegedActionException'> (0x00000000d5b6b520) thrown at [D:\re\workspace\8-2-build-windows-amd64-cygwin\jdk8u25\1677\hotspot\src\share\vm\prims\jvm.cpp, line 1312]
Event: 35.165 Thread 0x000000000014f000 Exception <a 'java/security/PrivilegedActionException'> (0x00000000d5d38e88) thrown at [D:\re\workspace\8-2-build-windows-amd64-cygwin\jdk8u25\1677\hotspot\src\share\vm\prims\jvm.cpp, line 1312]
Event: 35.165 Thread 0x000000000014f000 Exception <a 'java/security/PrivilegedActionException'> (0x00000000d5d391d0) thrown at [D:\re\workspace\8-2-build-windows-amd64-cygwin\jdk8u25\1677\hotspot\src\share\vm\prims\jvm.cpp, line 1312]
Event: 35.244 Thread 0x000000000014f000 Exception <a 'java/security/PrivilegedActionException'> (0x00000000d5d3d0f8) thrown at [D:\re\workspace\8-2-build-windows-amd64-cygwin\jdk8u25\1677\hotspot\src\share\vm\prims\jvm.cpp, line 1312]
Event: 35.244 Thread 0x000000000014f000 Exception <a 'java/security/PrivilegedActionException'> (0x00000000d5d3d440) thrown at [D:\re\workspace\8-2-build-windows-amd64-cygwin\jdk8u25\1677\hotspot\src\share\vm\prims\jvm.cpp, line 1312]
Event: 35.503 Thread 0x000000000014f000 Exception <a 'java/security/PrivilegedActionException'> (0x00000000d5d51030) thrown at [D:\re\workspace\8-2-build-windows-amd64-cygwin\jdk8u25\1677\hotspot\src\share\vm\prims\jvm.cpp, line 1312]
Event: 35.572 Thread 0x000000000014f000 Exception <a 'java/security/PrivilegedActionException'> (0x00000000d5d56480) thrown at [D:\re\workspace\8-2-build-windows-amd64-cygwin\jdk8u25\1677\hotspot\src\share\vm\prims\jvm.cpp, line 1312]

Events (10 events):
Event: 1330.684 Executing VM operation: EnterInterpOnlyMode
Event: 1330.684 Executing VM operation: EnterInterpOnlyMode done
Event: 1330.684 Executing VM operation: EnterInterpOnlyMode
Event: 1330.684 Executing VM operation: EnterInterpOnlyMode done
Event: 1330.684 Executing VM operation: EnterInterpOnlyMode
Event: 1330.684 Executing VM operation: EnterInterpOnlyMode done
Event: 1330.684 Executing VM operation: EnterInterpOnlyMode
Event: 1330.684 Executing VM operation: EnterInterpOnlyMode done
Event: 1340.921 Executing VM operation: RedefineClasses
Event: 1340.922 Executing VM operation: RedefineClasses done


Dynamic libraries:
0x000000013f830000 - 0x000000013f864000 	C:\Program Files\Java\jdk1.8.0_25\bin\java.exe
0x0000000077620000 - 0x00000000777c9000 	C:\WINDOWS\SYSTEM32\ntdll.dll
0x0000000077500000 - 0x000000007761f000 	C:\WINDOWS\system32\kernel32.dll
0x000007fefd600000 - 0x000007fefd66c000 	C:\WINDOWS\system32\KERNELBASE.dll
0x000007fefdf10000 - 0x000007fefdfeb000 	C:\WINDOWS\system32\ADVAPI32.dll
0x000007fefddd0000 - 0x000007fefde6f000 	C:\WINDOWS\system32\msvcrt.dll
0x000007fefd9d0000 - 0x000007fefd9ef000 	C:\WINDOWS\SYSTEM32\sechost.dll
0x000007fefdc40000 - 0x000007fefdd6d000 	C:\WINDOWS\system32\RPCRT4.dll
0x0000000077400000 - 0x00000000774fa000 	C:\WINDOWS\system32\USER32.dll
0x000007fefeb30000 - 0x000007fefeb97000 	C:\WINDOWS\system32\GDI32.dll
0x000007fefd9c0000 - 0x000007fefd9ce000 	C:\WINDOWS\system32\LPK.dll
0x000007fefd7b0000 - 0x000007fefd879000 	C:\WINDOWS\system32\USP10.dll
0x000007fefbd30000 - 0x000007fefbf24000 	C:\WINDOWS\WinSxS\amd64_microsoft.windows.common-controls_6595b64144ccf1df_6.0.7601.17514_none_fa396087175ac9ac\COMCTL32.dll
0x000007fefe3d0000 - 0x000007fefe441000 	C:\WINDOWS\system32\SHLWAPI.dll
0x000007fefd990000 - 0x000007fefd9be000 	C:\WINDOWS\system32\IMM32.DLL
0x000007fefd880000 - 0x000007fefd989000 	C:\WINDOWS\system32\MSCTF.dll
0x000000005d980000 - 0x000000005da52000 	C:\Program Files\Java\jdk1.8.0_25\jre\bin\msvcr100.dll
0x000000005ac90000 - 0x000000005b4ea000 	C:\Program Files\Java\jdk1.8.0_25\jre\bin\server\jvm.dll
0x000007fef2060000 - 0x000007fef2069000 	C:\WINDOWS\system32\WSOCK32.dll
0x000007fefe200000 - 0x000007fefe24d000 	C:\WINDOWS\system32\WS2_32.dll
0x000007fefd7a0000 - 0x000007fefd7a8000 	C:\WINDOWS\system32\NSI.dll
0x000007fefa0c0000 - 0x000007fefa0fb000 	C:\WINDOWS\system32\WINMM.dll
0x00000000777f0000 - 0x00000000777f7000 	C:\WINDOWS\system32\PSAPI.DLL
0x0000000075150000 - 0x000000007515f000 	C:\Program Files\Java\jdk1.8.0_25\jre\bin\verify.dll
0x0000000070980000 - 0x00000000709a8000 	C:\Program Files\Java\jdk1.8.0_25\jre\bin\java.dll
0x00000000536e0000 - 0x0000000053715000 	C:\Program Files\Java\jdk1.8.0_25\jre\bin\jdwp.dll
0x0000000070920000 - 0x0000000070928000 	C:\Program Files\Java\jdk1.8.0_25\jre\bin\npt.dll
0x0000000075130000 - 0x0000000075146000 	C:\Program Files\Java\jdk1.8.0_25\jre\bin\zip.dll
0x000007fefeba0000 - 0x000007feff928000 	C:\WINDOWS\system32\SHELL32.dll
0x000007fefe470000 - 0x000007fefe673000 	C:\WINDOWS\system32\ole32.dll
0x000007fefd3e0000 - 0x000007fefd3ef000 	C:\WINDOWS\system32\profapi.dll
0x0000000069da0000 - 0x0000000069da9000 	C:\Program Files\Java\jdk1.8.0_25\jre\bin\dt_socket.dll
0x000007fefcb70000 - 0x000007fefcbc5000 	C:\WINDOWS\system32\mswsock.dll
0x000007fefc590000 - 0x000007fefc597000 	C:\WINDOWS\System32\wshtcpip.dll
0x000007fef15c0000 - 0x000007fef16e5000 	C:\WINDOWS\system32\dbghelp.dll

VM Arguments:
jvm_args: -agentlib:jdwp=transport=dt_socket,address=127.0.0.1:2277,suspend=y,server=n -Dfile.encoding=UTF-8 
java_command: com.company.Main
java_class_path (initial): C:\Program Files\Java\jdk1.8.0_25\jre\lib\charsets.jar;C:\Program Files\Java\jdk1.8.0_25\jre\lib\deploy.jar;C:\Program Files\Java\jdk1.8.0_25\jre\lib\javaws.jar;C:\Program Files\Java\jdk1.8.0_25\jre\lib\jce.jar;C:\Program Files\Java\jdk1.8.0_25\jre\lib\jfr.jar;C:\Program Files\Java\jdk1.8.0_25\jre\lib\jfxswt.jar;C:\Program Files\Java\jdk1.8.0_25\jre\lib\jsse.jar;C:\Program Files\Java\jdk1.8.0_25\jre\lib\management-agent.jar;C:\Program Files\Java\jdk1.8.0_25\jre\lib\plugin.jar;C:\Program Files\Java\jdk1.8.0_25\jre\lib\resources.jar;C:\Program Files\Java\jdk1.8.0_25\jre\lib\rt.jar;C:\Program Files\Java\jdk1.8.0_25\jre\lib\ext\access-bridge-64.jar;C:\Program Files\Java\jdk1.8.0_25\jre\lib\ext\cldrdata.jar;C:\Program Files\Java\jdk1.8.0_25\jre\lib\ext\dnsns.jar;C:\Program Files\Java\jdk1.8.0_25\jre\lib\ext\jaccess.jar;C:\Program Files\Java\jdk1.8.0_25\jre\lib\ext\jfxrt.jar;C:\Program Files\Java\jdk1.8.0_25\jre\lib\ext\localedata.jar;C:\Program Files\Java\jdk1.8.0_25\jre\lib\ext\nashorn.jar;C:\Program Files\Java\jdk1.8.0_25\jre\lib\ext\sunec.jar;C:\Program Files\Java\jdk1.8.0_25\jre\lib\ext\sunjce_provider.jar;C:\Program Files\Java\jdk1.8.0_25\jre\lib\ext\sunmscapi.jar;C:\Program Files\Java\jdk1.8.0_25\jre\lib\ext\sunpkcs11.jar;C:\Program Files\Java\jdk1.8.0_25\jre\lib\ext\zipfs.jar;C:\Users\es3062nv\IdeaProjects\Rummy\out\production\Rummy;C:\Program Files (x86)\JetBrains\IntelliJ IDEA 14.0.2\lib\idea_rt.jar
Launcher Type: SUN_STANDARD

Environment Variables:
PATH=C:\ProgramData\Oracle\Java\javapath;C:\WINDOWS\system32;C:\WINDOWS;C:\WINDOWS\System32\Wbem;C:\WINDOWS\System32\WindowsPowerShell\v1.0\;C:\Program Files (x86)\QuickTime\QTSystem\;C:\Program Files\Microsoft\Web Platform Installer\;C:\Program Files (x86)\Microsoft ASP.NET\ASP.NET Web Pages\v1.0\;C:\Program Files (x86)\Windows Kits\8.0\Windows Performance Toolkit\;C:\Program Files\Microsoft SQL Server\110\Tools\Binn\
USERNAME=es3062nv
OS=Windows_NT
PROCESSOR_IDENTIFIER=Intel64 Family 6 Model 23 Stepping 10, GenuineIntel



---------------  S Y S T E M  ---------------

OS: Windows 7 , 64 bit Build 7601 Service Pack 1

CPU:total 2 (2 cores per cpu, 1 threads per core) family 6 model 23 stepping 10, cmov, cx8, fxsr, mmx, sse, sse2, sse3, ssse3, sse4.1, tsc

Memory: 4k page, physical 8318204k(5270472k free), swap 16634552k(12515640k free)

vm_info: Java HotSpot(TM) 64-Bit Server VM (25.25-b02) for windows-amd64 JRE (1.8.0_25-b18), built on Oct  7 2014 14:25:37 by "java_re" with MS VC++ 10.0 (VS2010)

time: Tue Mar 03 18:53:49 2015
elapsed time: 1340 seconds (0d 0h 22m 20s)

